This file contains any messages produced by compilers while
running configure, to aid debugging if configure makes a mistake.

It was created by sexpr configure 1.3, which was
generated by GNU Autoconf 2.69.  Invocation command line was

  $ ./configure 

## --------- ##
## Platform. ##
## --------- ##

hostname = hb-pc1
uname -m = x86_64
uname -r = 4.4.0-131-generic
uname -s = Linux
uname -v = #157~14.04.1-Ubuntu SMP Fri Jul 13 08:53:17 UTC 2018

/usr/bin/uname -p = unknown
/bin/uname -X     = unknown

/bin/arch              = unknown
/usr/bin/arch -k       = unknown
/usr/convex/getsysinfo = unknown
/usr/bin/hostinfo      = unknown
/bin/machine           = unknown
/usr/bin/oslevel       = unknown
/bin/universe          = unknown

PATH: /home/lpavez/uchile_ws/deps/bender/soft/perception/torch/install/bin
PATH: /home/lpavez/uchile_ws/ros/bender/base_ws/devel/bin
PATH: /opt/ros/indigo/bin
PATH: /home/lpavez/uchile_ws/deps/bender/soft/perception/torch/install/bin
PATH: /usr/local/sbin
PATH: /usr/local/bin
PATH: /usr/sbin
PATH: /usr/bin
PATH: /sbin
PATH: /bin
PATH: /usr/games
PATH: /usr/local/games
PATH: /usr/lib/jvm/java-8-oracle/bin
PATH: /usr/lib/jvm/java-8-oracle/db/bin
PATH: /usr/lib/jvm/java-8-oracle/jre/bin
PATH: /home/lpavez/intelliJ/bin/
PATH: /home/lpavez/pycharm/bin/
PATH: /usr/lib/jvm/java-8-openjdk/binexport


## ----------- ##
## Core tests. ##
## ----------- ##

configure:2288: checking for a BSD-compatible install
configure:2356: result: /usr/bin/install -c
configure:2367: checking whether build environment is sane
configure:2417: result: yes
configure:2558: checking for a thread-safe mkdir -p
configure:2597: result: /bin/mkdir -p
configure:2610: checking for gawk
configure:2626: found /usr/bin/gawk
configure:2637: result: gawk
configure:2648: checking whether make sets $(MAKE)
configure:2670: result: yes
configure:2903: creating ./config.status

## ---------------------- ##
## Running config.status. ##
## ---------------------- ##

This file was extended by sexpr config.status 1.3, which was
generated by GNU Autoconf 2.69.  Invocation command line was

  CONFIG_FILES    = 
  CONFIG_HEADERS  = 
  CONFIG_LINKS    = 
  CONFIG_COMMANDS = 
  $ ./config.status 

on hb-pc1

config.status:773: creating Makefile
config.status:773: creating src/Makefile
config.status:773: creating examples/Makefile
config.status:773: creating tests/Makefile
configure:4004: checking for g++
configure:4020: found /usr/bin/g++
configure:4031: result: g++
configure:4058: checking for C++ compiler version
configure:4067: g++ --version >&5
g++ (Ubuntu 4.8.4-2ubuntu1~14.04.4) 4.8.4
Copyright (C) 2013 Free Software Foundation, Inc.
This is free software; see the source for copying conditions.  There is NO
warranty; not even for MERCHANTABILITY or FITNESS FOR A PARTICULAR PURPOSE.

configure:4078: $? = 0
configure:4067: g++ -v >&5
Using built-in specs.
COLLECT_GCC=g++
COLLECT_LTO_WRAPPER=/usr/lib/gcc/x86_64-linux-gnu/4.8/lto-wrapper
Target: x86_64-linux-gnu
Configured with: ../src/configure -v --with-pkgversion='Ubuntu 4.8.4-2ubuntu1~14.04.4' --with-bugurl=file:///usr/share/doc/gcc-4.8/README.Bugs --enable-languages=c,c++,java,go,d,fortran,objc,obj-c++ --prefix=/usr --program-suffix=-4.8 --enable-shared --enable-linker-build-id --libexecdir=/usr/lib --without-included-gettext --enable-threads=posix --with-gxx-include-dir=/usr/include/c++/4.8 --libdir=/usr/lib --enable-nls --with-sysroot=/ --enable-clocale=gnu --enable-libstdcxx-debug --enable-libstdcxx-time=yes --enable-gnu-unique-object --disable-libmudflap --enable-plugin --with-system-zlib --disable-browser-plugin --enable-java-awt=gtk --enable-gtk-cairo --with-java-home=/usr/lib/jvm/java-1.5.0-gcj-4.8-amd64/jre --enable-java-home --with-jvm-root-dir=/usr/lib/jvm/java-1.5.0-gcj-4.8-amd64 --with-jvm-jar-dir=/usr/lib/jvm-exports/java-1.5.0-gcj-4.8-amd64 --with-arch-directory=amd64 --with-ecj-jar=/usr/share/java/eclipse-ecj.jar --enable-objc-gc --enable-multiarch --disable-werror --with-arch-32=i686 --with-abi=m64 --with-multilib-list=m32,m64,mx32 --with-tune=generic --enable-checking=release --build=x86_64-linux-gnu --host=x86_64-linux-gnu --target=x86_64-linux-gnu
Thread model: posix
gcc version 4.8.4 (Ubuntu 4.8.4-2ubuntu1~14.04.4) 
configure:4078: $? = 0
configure:4067: g++ -V >&5
g++: error: unrecognized command line option '-V'
g++: fatal error: no input files
compilation terminated.
configure:4078: $? = 4
configure:4067: g++ -qversion >&5
g++: error: unrecognized command line option '-qversion'
g++: fatal error: no input files
compilation terminated.
configure:4078: $? = 4
configure:4098: checking whether the C++ compiler works
configure:4120: g++    conftest.cpp  >&5
configure:4124: $? = 0
configure:4172: result: yes
configure:4175: checking for C++ compiler default output file name
configure:4177: result: a.out
configure:4183: checking for suffix of executables
configure:4190: g++ -o conftest    conftest.cpp  >&5
configure:4194: $? = 0
configure:4216: result: 
configure:4238: checking whether we are cross compiling
configure:4246: g++ -o conftest    conftest.cpp  >&5
configure:4250: $? = 0
configure:4257: ./conftest
configure:4261: $? = 0
configure:4276: result: no
configure:4281: checking for suffix of object files
configure:4303: g++ -c   conftest.cpp >&5
configure:4307: $? = 0
configure:4328: result: o
configure:4332: checking whether we are using the GNU C++ compiler
configure:4351: g++ -c   conftest.cpp >&5
configure:4351: $? = 0
configure:4360: result: yes
configure:4369: checking whether g++ accepts -g
configure:4389: g++ -c -g  conftest.cpp >&5
configure:4389: $? = 0
configure:4430: result: yes
configure:4464: checking for style of include used by make
configure:4492: result: GNU
configure:4518: checking dependency style of g++
configure:4629: result: gcc3
configure:4692: checking for gcc
configure:4708: found /usr/bin/gcc
configure:4719: result: gcc
configure:4948: checking for C compiler version
configure:4957: gcc --version >&5
gcc (Ubuntu 4.8.4-2ubuntu1~14.04.4) 4.8.4
Copyright (C) 2013 Free Software Foundation, Inc.
This is free software; see the source for copying conditions.  There is NO
warranty; not even for MERCHANTABILITY or FITNESS FOR A PARTICULAR PURPOSE.

configure:4968: $? = 0
configure:4957: gcc -v >&5
Using built-in specs.
COLLECT_GCC=gcc
COLLECT_LTO_WRAPPER=/usr/lib/gcc/x86_64-linux-gnu/4.8/lto-wrapper
Target: x86_64-linux-gnu
Configured with: ../src/configure -v --with-pkgversion='Ubuntu 4.8.4-2ubuntu1~14.04.4' --with-bugurl=file:///usr/share/doc/gcc-4.8/README.Bugs --enable-languages=c,c++,java,go,d,fortran,objc,obj-c++ --prefix=/usr --program-suffix=-4.8 --enable-shared --enable-linker-build-id --libexecdir=/usr/lib --without-included-gettext --enable-threads=posix --with-gxx-include-dir=/usr/include/c++/4.8 --libdir=/usr/lib --enable-nls --with-sysroot=/ --enable-clocale=gnu --enable-libstdcxx-debug --enable-libstdcxx-time=yes --enable-gnu-unique-object --disable-libmudflap --enable-plugin --with-system-zlib --disable-browser-plugin --enable-java-awt=gtk --enable-gtk-cairo --with-java-home=/usr/lib/jvm/java-1.5.0-gcj-4.8-amd64/jre --enable-java-home --with-jvm-root-dir=/usr/lib/jvm/java-1.5.0-gcj-4.8-amd64 --with-jvm-jar-dir=/usr/lib/jvm-exports/java-1.5.0-gcj-4.8-amd64 --with-arch-directory=amd64 --with-ecj-jar=/usr/share/java/eclipse-ecj.jar --enable-objc-gc --enable-multiarch --disable-werror --with-arch-32=i686 --with-abi=m64 --with-multilib-list=m32,m64,mx32 --with-tune=generic --enable-checking=release --build=x86_64-linux-gnu --host=x86_64-linux-gnu --target=x86_64-linux-gnu
Thread model: posix
gcc version 4.8.4 (Ubuntu 4.8.4-2ubuntu1~14.04.4) 
configure:4968: $? = 0
configure:4957: gcc -V >&5
gcc: error: unrecognized command line option '-V'
gcc: fatal error: no input files
compilation terminated.
configure:4968: $? = 4
configure:4957: gcc -qversion >&5
gcc: error: unrecognized command line option '-qversion'
gcc: fatal error: no input files
compilation terminated.
configure:4968: $? = 4
configure:4972: checking whether we are using the GNU C compiler
configure:4991: gcc -c   conftest.c >&5
configure:4991: $? = 0
configure:5000: result: yes
configure:5009: checking whether gcc accepts -g
configure:5029: gcc -c -g  conftest.c >&5
configure:5029: $? = 0
configure:5070: result: yes
configure:5087: checking for gcc option to accept ISO C89
configure:5150: gcc  -c -g -O2  conftest.c >&5
configure:5150: $? = 0
configure:5163: result: none needed
configure:5185: checking dependency style of gcc
configure:5296: result: gcc3
configure:5354: checking for ranlib
configure:5370: found /usr/bin/ranlib
configure:5381: result: ranlib
configure:5413: checking how to run the C preprocessor
configure:5444: gcc -E  conftest.c
configure:5444: $? = 0
configure:5458: gcc -E  conftest.c
conftest.c:11:28: fatal error: ac_nonexistent.h: No such file or directory
 #include <ac_nonexistent.h>
                            ^
compilation terminated.
configure:5458: $? = 1
configure: failed program was:
| /* confdefs.h */
| #define PACKAGE_NAME "sexpr"
| #define PACKAGE_TARNAME "sexpr"
| #define PACKAGE_VERSION "1.3"
| #define PACKAGE_STRING "sexpr 1.3"
| #define PACKAGE_BUGREPORT "mjsottile@me.com"
| #define PACKAGE_URL ""
| #define PACKAGE "sexpr"
| #define VERSION "1.3"
| /* end confdefs.h.  */
| #include <ac_nonexistent.h>
configure:5483: result: gcc -E
configure:5503: gcc -E  conftest.c
configure:5503: $? = 0
configure:5517: gcc -E  conftest.c
conftest.c:11:28: fatal error: ac_nonexistent.h: No such file or directory
 #include <ac_nonexistent.h>
                            ^
compilation terminated.
configure:5517: $? = 1
configure: failed program was:
| /* confdefs.h */
| #define PACKAGE_NAME "sexpr"
| #define PACKAGE_TARNAME "sexpr"
| #define PACKAGE_VERSION "1.3"
| #define PACKAGE_STRING "sexpr 1.3"
| #define PACKAGE_BUGREPORT "mjsottile@me.com"
| #define PACKAGE_URL ""
| #define PACKAGE "sexpr"
| #define VERSION "1.3"
| /* end confdefs.h.  */
| #include <ac_nonexistent.h>
configure:5546: checking for grep that handles long lines and -e
configure:5604: result: /bin/grep
configure:5609: checking for egrep
configure:5671: result: /bin/grep -E
configure:5676: checking for ANSI C header files
configure:5696: gcc -c -g -O2  conftest.c >&5
configure:5696: $? = 0
configure:5769: gcc -o conftest -g -O2   conftest.c  >&5
configure:5769: $? = 0
configure:5769: ./conftest
configure:5769: $? = 0
configure:5780: result: yes
configure:5793: checking for sys/types.h
configure:5793: gcc -c -g -O2  conftest.c >&5
configure:5793: $? = 0
configure:5793: result: yes
configure:5793: checking for sys/stat.h
configure:5793: gcc -c -g -O2  conftest.c >&5
configure:5793: $? = 0
configure:5793: result: yes
configure:5793: checking for stdlib.h
configure:5793: gcc -c -g -O2  conftest.c >&5
configure:5793: $? = 0
configure:5793: result: yes
configure:5793: checking for string.h
configure:5793: gcc -c -g -O2  conftest.c >&5
configure:5793: $? = 0
configure:5793: result: yes
configure:5793: checking for memory.h
configure:5793: gcc -c -g -O2  conftest.c >&5
configure:5793: $? = 0
configure:5793: result: yes
configure:5793: checking for strings.h
configure:5793: gcc -c -g -O2  conftest.c >&5
configure:5793: $? = 0
configure:5793: result: yes
configure:5793: checking for inttypes.h
configure:5793: gcc -c -g -O2  conftest.c >&5
configure:5793: $? = 0
configure:5793: result: yes
configure:5793: checking for stdint.h
configure:5793: gcc -c -g -O2  conftest.c >&5
configure:5793: $? = 0
configure:5793: result: yes
configure:5793: checking for unistd.h
configure:5793: gcc -c -g -O2  conftest.c >&5
configure:5793: $? = 0
configure:5793: result: yes
configure:5808: checking fcntl.h usability
configure:5808: gcc -c -g -O2  conftest.c >&5
configure:5808: $? = 0
configure:5808: result: yes
configure:5808: checking fcntl.h presence
configure:5808: gcc -E  conftest.c
configure:5808: $? = 0
configure:5808: result: yes
configure:5808: checking for fcntl.h
configure:5808: result: yes
configure:5808: checking stddef.h usability
configure:5808: gcc -c -g -O2  conftest.c >&5
configure:5808: $? = 0
configure:5808: result: yes
configure:5808: checking stddef.h presence
configure:5808: gcc -E  conftest.c
configure:5808: $? = 0
configure:5808: result: yes
configure:5808: checking for stddef.h
configure:5808: result: yes
configure:5808: checking for stdlib.h
configure:5808: result: yes
configure:5808: checking for string.h
configure:5808: result: yes
configure:5808: checking sys/time.h usability
configure:5808: gcc -c -g -O2  conftest.c >&5
configure:5808: $? = 0
configure:5808: result: yes
configure:5808: checking sys/time.h presence
configure:5808: gcc -E  conftest.c
configure:5808: $? = 0
configure:5808: result: yes
configure:5808: checking for sys/time.h
configure:5808: result: yes
configure:5808: checking for unistd.h
configure:5808: result: yes
configure:5820: checking for an ANSI C-conforming const
configure:5886: gcc -c -g -O2  conftest.c >&5
configure:5886: $? = 0
configure:5893: result: yes
configure:5901: checking for size_t
configure:5901: gcc -c -g -O2  conftest.c >&5
configure:5901: $? = 0
configure:5901: gcc -c -g -O2  conftest.c >&5
conftest.c: In function 'main':
conftest.c:63:21: error: expected expression before ')' token
 if (sizeof ((size_t)))
                     ^
configure:5901: $? = 1
configure: failed program was:
| /* confdefs.h */
| #define PACKAGE_NAME "sexpr"
| #define PACKAGE_TARNAME "sexpr"
| #define PACKAGE_VERSION "1.3"
| #define PACKAGE_STRING "sexpr 1.3"
| #define PACKAGE_BUGREPORT "mjsottile@me.com"
| #define PACKAGE_URL ""
| #define PACKAGE "sexpr"
| #define VERSION "1.3"
| #define STDC_HEADERS 1
| #define HAVE_SYS_TYPES_H 1
| #define HAVE_SYS_STAT_H 1
| #define HAVE_STDLIB_H 1
| #define HAVE_STRING_H 1
| #define HAVE_MEMORY_H 1
| #define HAVE_STRINGS_H 1
| #define HAVE_INTTYPES_H 1
| #define HAVE_STDINT_H 1
| #define HAVE_UNISTD_H 1
| #define HAVE_FCNTL_H 1
| #define HAVE_STDDEF_H 1
| #define HAVE_STDLIB_H 1
| #define HAVE_STRING_H 1
| #define HAVE_SYS_TIME_H 1
| #define HAVE_UNISTD_H 1
| /* end confdefs.h.  */
| #include <stdio.h>
| #ifdef HAVE_SYS_TYPES_H
| # include <sys/types.h>
| #endif
| #ifdef HAVE_SYS_STAT_H
| # include <sys/stat.h>
| #endif
| #ifdef STDC_HEADERS
| # include <stdlib.h>
| # include <stddef.h>
| #else
| # ifdef HAVE_STDLIB_H
| #  include <stdlib.h>
| # endif
| #endif
| #ifdef HAVE_STRING_H
| # if !defined STDC_HEADERS && defined HAVE_MEMORY_H
| #  include <memory.h>
| # endif
| # include <string.h>
| #endif
| #ifdef HAVE_STRINGS_H
| # include <strings.h>
| #endif
| #ifdef HAVE_INTTYPES_H
| # include <inttypes.h>
| #endif
| #ifdef HAVE_STDINT_H
| # include <stdint.h>
| #endif
| #ifdef HAVE_UNISTD_H
| # include <unistd.h>
| #endif
| int
| main ()
| {
| if (sizeof ((size_t)))
| 	    return 0;
|   ;
|   return 0;
| }
configure:5901: result: yes
configure:5912: checking whether time.h and sys/time.h may both be included
configure:5932: gcc -c -g -O2  conftest.c >&5
configure:5932: $? = 0
configure:5939: result: yes
configure:5951: checking for stdlib.h
configure:5951: result: yes
configure:5961: checking for GNU libc compatible malloc
configure:5985: gcc -o conftest -g -O2   conftest.c  >&5
configure:5985: $? = 0
configure:5985: ./conftest
configure:5985: $? = 0
configure:5995: result: yes
configure:6018: checking for stdlib.h
configure:6018: result: yes
configure:6028: checking for GNU libc compatible realloc
configure:6052: gcc -o conftest -g -O2   conftest.c  >&5
configure:6052: $? = 0
configure:6052: ./conftest
configure:6052: $? = 0
configure:6062: result: yes
configure:6083: checking for working strtod
configure:6124: gcc -o conftest -g -O2   conftest.c  >&5
configure:6124: $? = 0
configure:6124: ./conftest
configure:6124: $? = 0
configure:6134: result: yes
configure:6199: checking for gettimeofday
configure:6199: gcc -o conftest -g -O2   conftest.c  >&5
configure:6199: $? = 0
configure:6199: result: yes
configure:6199: checking for pow
configure:6199: gcc -o conftest -g -O2   conftest.c  >&5
conftest.c:56:6: warning: conflicting types for built-in function 'pow' [enabled by default]
 char pow ();
      ^
/tmp/cceMYeWR.o: In function `main':
/home/lpavez/sexpr-1.3/conftest.c:67: undefined reference to `pow'
collect2: error: ld returned 1 exit status
configure:6199: $? = 1
configure: failed program was:
| /* confdefs.h */
| #define PACKAGE_NAME "sexpr"
| #define PACKAGE_TARNAME "sexpr"
| #define PACKAGE_VERSION "1.3"
| #define PACKAGE_STRING "sexpr 1.3"
| #define PACKAGE_BUGREPORT "mjsottile@me.com"
| #define PACKAGE_URL ""
| #define PACKAGE "sexpr"
| #define VERSION "1.3"
| #define STDC_HEADERS 1
| #define HAVE_SYS_TYPES_H 1
| #define HAVE_SYS_STAT_H 1
| #define HAVE_STDLIB_H 1
| #define HAVE_STRING_H 1
| #define HAVE_MEMORY_H 1
| #define HAVE_STRINGS_H 1
| #define HAVE_INTTYPES_H 1
| #define HAVE_STDINT_H 1
| #define HAVE_UNISTD_H 1
| #define HAVE_FCNTL_H 1
| #define HAVE_STDDEF_H 1
| #define HAVE_STDLIB_H 1
| #define HAVE_STRING_H 1
| #define HAVE_SYS_TIME_H 1
| #define HAVE_UNISTD_H 1
| #define TIME_WITH_SYS_TIME 1
| #define HAVE_STDLIB_H 1
| #define HAVE_MALLOC 1
| #define HAVE_STDLIB_H 1
| #define HAVE_REALLOC 1
| #define HAVE_GETTIMEOFDAY 1
| /* end confdefs.h.  */
| /* Define pow to an innocuous variant, in case <limits.h> declares pow.
|    For example, HP-UX 11i <limits.h> declares gettimeofday.  */
| #define pow innocuous_pow
| 
| /* System header to define __stub macros and hopefully few prototypes,
|     which can conflict with char pow (); below.
|     Prefer <limits.h> to <assert.h> if __STDC__ is defined, since
|     <limits.h> exists even on freestanding compilers.  */
| 
| #ifdef __STDC__
| # include <limits.h>
| #else
| # include <assert.h>
| #endif
| 
| #undef pow
| 
| /* Override any GCC internal prototype to avoid an error.
|    Use char because int might match the return type of a GCC
|    builtin and then its argument prototype would still apply.  */
| #ifdef __cplusplus
| extern "C"
| #endif
| char pow ();
| /* The GNU C library defines this for functions which it implements
|     to always fail with ENOSYS.  Some functions are actually named
|     something starting with __ and the normal name is an alias.  */
| #if defined __stub_pow || defined __stub___pow
| choke me
| #endif
| 
| int
| main ()
| {
| return pow ();
|   ;
|   return 0;
| }
configure:6199: result: no
configure:6199: checking for sqrt
configure:6199: gcc -o conftest -g -O2   conftest.c  >&5
conftest.c:56:6: warning: conflicting types for built-in function 'sqrt' [enabled by default]
 char sqrt ();
      ^
/tmp/ccqIEgEU.o: In function `main':
/home/lpavez/sexpr-1.3/conftest.c:67: undefined reference to `sqrt'
collect2: error: ld returned 1 exit status
configure:6199: $? = 1
configure: failed program was:
| /* confdefs.h */
| #define PACKAGE_NAME "sexpr"
| #define PACKAGE_TARNAME "sexpr"
| #define PACKAGE_VERSION "1.3"
| #define PACKAGE_STRING "sexpr 1.3"
| #define PACKAGE_BUGREPORT "mjsottile@me.com"
| #define PACKAGE_URL ""
| #define PACKAGE "sexpr"
| #define VERSION "1.3"
| #define STDC_HEADERS 1
| #define HAVE_SYS_TYPES_H 1
| #define HAVE_SYS_STAT_H 1
| #define HAVE_STDLIB_H 1
| #define HAVE_STRING_H 1
| #define HAVE_MEMORY_H 1
| #define HAVE_STRINGS_H 1
| #define HAVE_INTTYPES_H 1
| #define HAVE_STDINT_H 1
| #define HAVE_UNISTD_H 1
| #define HAVE_FCNTL_H 1
| #define HAVE_STDDEF_H 1
| #define HAVE_STDLIB_H 1
| #define HAVE_STRING_H 1
| #define HAVE_SYS_TIME_H 1
| #define HAVE_UNISTD_H 1
| #define TIME_WITH_SYS_TIME 1
| #define HAVE_STDLIB_H 1
| #define HAVE_MALLOC 1
| #define HAVE_STDLIB_H 1
| #define HAVE_REALLOC 1
| #define HAVE_GETTIMEOFDAY 1
| /* end confdefs.h.  */
| /* Define sqrt to an innocuous variant, in case <limits.h> declares sqrt.
|    For example, HP-UX 11i <limits.h> declares gettimeofday.  */
| #define sqrt innocuous_sqrt
| 
| /* System header to define __stub macros and hopefully few prototypes,
|     which can conflict with char sqrt (); below.
|     Prefer <limits.h> to <assert.h> if __STDC__ is defined, since
|     <limits.h> exists even on freestanding compilers.  */
| 
| #ifdef __STDC__
| # include <limits.h>
| #else
| # include <assert.h>
| #endif
| 
| #undef sqrt
| 
| /* Override any GCC internal prototype to avoid an error.
|    Use char because int might match the return type of a GCC
|    builtin and then its argument prototype would still apply.  */
| #ifdef __cplusplus
| extern "C"
| #endif
| char sqrt ();
| /* The GNU C library defines this for functions which it implements
|     to always fail with ENOSYS.  Some functions are actually named
|     something starting with __ and the normal name is an alias.  */
| #if defined __stub_sqrt || defined __stub___sqrt
| choke me
| #endif
| 
| int
| main ()
| {
| return sqrt ();
|   ;
|   return 0;
| }
configure:6199: result: no
configure:6343: creating ./config.status

## ---------------------- ##
## Running config.status. ##
## ---------------------- ##

This file was extended by sexpr config.status 1.3, which was
generated by GNU Autoconf 2.69.  Invocation command line was

  CONFIG_FILES    = 
  CONFIG_HEADERS  = 
  CONFIG_LINKS    = 
  CONFIG_COMMANDS = 
  $ ./config.status 

on hb-pc1

config.status:873: creating Makefile
config.status:873: creating src/Makefile
config.status:873: creating examples/Makefile
config.status:873: creating tests/Makefile
config.status:873: creating config.h
config.status:1102: executing depfiles commands

## ---------------- ##
## Cache variables. ##
## ---------------- ##

ac_cv_c_compiler_gnu=yes
ac_cv_c_const=yes
ac_cv_cxx_compiler_gnu=yes
ac_cv_env_CCC_set=
ac_cv_env_CCC_value=
ac_cv_env_CC_set=
ac_cv_env_CC_value=
ac_cv_env_CFLAGS_set=
ac_cv_env_CFLAGS_value=
ac_cv_env_CPPFLAGS_set=
ac_cv_env_CPPFLAGS_value=
ac_cv_env_CPP_set=
ac_cv_env_CPP_value=
ac_cv_env_CXXFLAGS_set=
ac_cv_env_CXXFLAGS_value=
ac_cv_env_CXX_set=
ac_cv_env_CXX_value=
ac_cv_env_LDFLAGS_set=
ac_cv_env_LDFLAGS_value=
ac_cv_env_LIBS_set=
ac_cv_env_LIBS_value=
ac_cv_env_build_alias_set=
ac_cv_env_build_alias_value=
ac_cv_env_host_alias_set=
ac_cv_env_host_alias_value=
ac_cv_env_target_alias_set=
ac_cv_env_target_alias_value=
ac_cv_func_gettimeofday=yes
ac_cv_func_malloc_0_nonnull=yes
ac_cv_func_pow=no
ac_cv_func_realloc_0_nonnull=yes
ac_cv_func_sqrt=no
ac_cv_func_strtod=yes
ac_cv_header_fcntl_h=yes
ac_cv_header_inttypes_h=yes
ac_cv_header_memory_h=yes
ac_cv_header_stdc=yes
ac_cv_header_stddef_h=yes
ac_cv_header_stdint_h=yes
ac_cv_header_stdlib_h=yes
ac_cv_header_string_h=yes
ac_cv_header_strings_h=yes
ac_cv_header_sys_stat_h=yes
ac_cv_header_sys_time_h=yes
ac_cv_header_sys_types_h=yes
ac_cv_header_time=yes
ac_cv_header_unistd_h=yes
ac_cv_objext=o
ac_cv_path_EGREP='/bin/grep -E'
ac_cv_path_GREP=/bin/grep
ac_cv_path_install='/usr/bin/install -c'
ac_cv_path_mkdir=/bin/mkdir
ac_cv_prog_AWK=gawk
ac_cv_prog_CPP='gcc -E'
ac_cv_prog_ac_ct_CC=gcc
ac_cv_prog_ac_ct_CXX=g++
ac_cv_prog_ac_ct_RANLIB=ranlib
ac_cv_prog_cc_c89=
ac_cv_prog_cc_g=yes
ac_cv_prog_cxx_g=yes
ac_cv_prog_make_make_set=yes
ac_cv_type_size_t=yes
am_cv_CC_dependencies_compiler_type=gcc3
am_cv_CXX_dependencies_compiler_type=gcc3

## ----------------- ##
## Output variables. ##
## ----------------- ##

ACLOCAL='${SHELL} /home/lpavez/sexpr-1.3/missing --run aclocal-1.11'
AMDEPBACKSLASH='\'
AMDEP_FALSE='#'
AMDEP_TRUE=''
AMTAR='$${TAR-tar}'
AUTOCONF='${SHELL} /home/lpavez/sexpr-1.3/missing --run autoconf'
AUTOHEADER='${SHELL} /home/lpavez/sexpr-1.3/missing --run autoheader'
AUTOMAKE='${SHELL} /home/lpavez/sexpr-1.3/missing --run automake-1.11'
AWK='gawk'
CC='gcc'
CCDEPMODE='depmode=gcc3'
CFLAGS='-g -O2'
CPP='gcc -E'
CPPFLAGS=''
CXX='g++'
CXXDEPMODE='depmode=gcc3'
CXXFLAGS='-g -O2'
CYGPATH_W='echo'
DEFS='-DHAVE_CONFIG_H'
DEPDIR='.deps'
ECHO_C=''
ECHO_N='-n'
ECHO_T=''
EGREP='/bin/grep -E'
EXEEXT=''
GREP='/bin/grep'
INSTALL_DATA='${INSTALL} -m 644'
INSTALL_PROGRAM='${INSTALL}'
INSTALL_SCRIPT='${INSTALL}'
INSTALL_STRIP_PROGRAM='$(install_sh) -c -s'
LDFLAGS=''
LIBOBJS=''
LIBS=''
LTLIBOBJS=''
MAKEINFO='${SHELL} /home/lpavez/sexpr-1.3/missing --run makeinfo'
MKDIR_P='/bin/mkdir -p'
OBJEXT='o'
PACKAGE='sexpr'
PACKAGE_BUGREPORT='mjsottile@me.com'
PACKAGE_NAME='sexpr'
PACKAGE_STRING='sexpr 1.3'
PACKAGE_TARNAME='sexpr'
PACKAGE_URL=''
PACKAGE_VERSION='1.3'
PATH_SEPARATOR=':'
POW_LIB=''
RANLIB='ranlib'
SET_MAKE=''
SFSEXP_CFLAGS=' -O3 -Wall'
SFSEXP_CPPFLAGS=' -DNODEBUG'
SHELL='/bin/bash'
STRIP=''
VERSION='1.3'
ac_ct_CC='gcc'
ac_ct_CXX='g++'
am__EXEEXT_FALSE=''
am__EXEEXT_TRUE='#'
am__fastdepCC_FALSE='#'
am__fastdepCC_TRUE=''
am__fastdepCXX_FALSE='#'
am__fastdepCXX_TRUE=''
am__include='include'
am__isrc=''
am__leading_dot='.'
am__nodep='_no'
am__quote=''
am__tar='$${TAR-tar} chof - "$$tardir"'
am__untar='$${TAR-tar} xf -'
bindir='${exec_prefix}/bin'
build_alias=''
datadir='${datarootdir}'
datarootdir='${prefix}/share'
docdir='${datarootdir}/doc/${PACKAGE_TARNAME}'
dvidir='${docdir}'
exec_prefix='${prefix}'
host_alias=''
htmldir='${docdir}'
includedir='${prefix}/include'
infodir='${datarootdir}/info'
install_sh='${SHELL} /home/lpavez/sexpr-1.3/install-sh'
libdir='${exec_prefix}/lib'
libexecdir='${exec_prefix}/libexec'
localedir='${datarootdir}/locale'
localstatedir='${prefix}/var'
mandir='${datarootdir}/man'
mkdir_p='/bin/mkdir -p'
oldincludedir='/usr/include'
pdfdir='${docdir}'
prefix='/usr/local'
program_transform_name='s,x,x,'
psdir='${docdir}'
sbindir='${exec_prefix}/sbin'
sharedstatedir='${prefix}/com'
sysconfdir='${prefix}/etc'
target_alias=''

## ----------- ##
## confdefs.h. ##
## ----------- ##

/* confdefs.h */
#define PACKAGE_NAME "sexpr"
#define PACKAGE_TARNAME "sexpr"
#define PACKAGE_VERSION "1.3"
#define PACKAGE_STRING "sexpr 1.3"
#define PACKAGE_BUGREPORT "mjsottile@me.com"
#define PACKAGE_URL ""
#define PACKAGE "sexpr"
#define VERSION "1.3"
#define STDC_HEADERS 1
#define HAVE_SYS_TYPES_H 1
#define HAVE_SYS_STAT_H 1
#define HAVE_STDLIB_H 1
#define HAVE_STRING_H 1
#define HAVE_MEMORY_H 1
#define HAVE_STRINGS_H 1
#define HAVE_INTTYPES_H 1
#define HAVE_STDINT_H 1
#define HAVE_UNISTD_H 1
#define HAVE_FCNTL_H 1
#define HAVE_STDDEF_H 1
#define HAVE_STDLIB_H 1
#define HAVE_STRING_H 1
#define HAVE_SYS_TIME_H 1
#define HAVE_UNISTD_H 1
#define TIME_WITH_SYS_TIME 1
#define HAVE_STDLIB_H 1
#define HAVE_MALLOC 1
#define HAVE_STDLIB_H 1
#define HAVE_REALLOC 1
#define HAVE_GETTIMEOFDAY 1

configure: exit 0
